ARM GAS  /tmp/ccGRdarx.s 			page 1


   1              		.cpu cortex-m7
   2              		.eabi_attribute 28, 1
   3              		.eabi_attribute 20, 1
   4              		.eabi_attribute 21, 1
   5              		.eabi_attribute 23, 3
   6              		.eabi_attribute 24, 1
   7              		.eabi_attribute 25, 1
   8              		.eabi_attribute 26, 1
   9              		.eabi_attribute 30, 1
  10              		.eabi_attribute 34, 1
  11              		.eabi_attribute 18, 4
  12              		.file	"stm32f7xx_hal_msp.c"
  13              		.text
  14              	.Ltext0:
  15              		.cfi_sections	.debug_frame
  16              		.section	.text.HAL_MspInit,"ax",%progbits
  17              		.align	1
  18              		.global	HAL_MspInit
  19              		.arch armv7e-m
  20              		.syntax unified
  21              		.thumb
  22              		.thumb_func
  23              		.fpu fpv5-d16
  25              	HAL_MspInit:
  26              	.LFB141:
  27              		.file 1 "Src/stm32f7xx_hal_msp.c"
   1:Src/stm32f7xx_hal_msp.c **** /* USER CODE BEGIN Header */
   2:Src/stm32f7xx_hal_msp.c **** /**
   3:Src/stm32f7xx_hal_msp.c ****   ******************************************************************************
   4:Src/stm32f7xx_hal_msp.c ****   * File Name          : stm32f7xx_hal_msp.c
   5:Src/stm32f7xx_hal_msp.c ****   * Description        : This file provides code for the MSP Initialization
   6:Src/stm32f7xx_hal_msp.c ****   *                      and de-Initialization codes.
   7:Src/stm32f7xx_hal_msp.c ****   ******************************************************************************
   8:Src/stm32f7xx_hal_msp.c ****   * @attention
   9:Src/stm32f7xx_hal_msp.c ****   *
  10:Src/stm32f7xx_hal_msp.c ****   * <h2><center>&copy; Copyright (c) 2021 STMicroelectronics.
  11:Src/stm32f7xx_hal_msp.c ****   * All rights reserved.</center></h2>
  12:Src/stm32f7xx_hal_msp.c ****   *
  13:Src/stm32f7xx_hal_msp.c ****   * This software component is licensed by ST under BSD 3-Clause license,
  14:Src/stm32f7xx_hal_msp.c ****   * the "License"; You may not use this file except in compliance with the
  15:Src/stm32f7xx_hal_msp.c ****   * License. You may obtain a copy of the License at:
  16:Src/stm32f7xx_hal_msp.c ****   *                        opensource.org/licenses/BSD-3-Clause
  17:Src/stm32f7xx_hal_msp.c ****   *
  18:Src/stm32f7xx_hal_msp.c ****   ******************************************************************************
  19:Src/stm32f7xx_hal_msp.c ****   */
  20:Src/stm32f7xx_hal_msp.c **** /* USER CODE END Header */
  21:Src/stm32f7xx_hal_msp.c **** 
  22:Src/stm32f7xx_hal_msp.c **** /* Includes ------------------------------------------------------------------*/
  23:Src/stm32f7xx_hal_msp.c **** #include "main.h"
  24:Src/stm32f7xx_hal_msp.c **** /* USER CODE BEGIN Includes */
  25:Src/stm32f7xx_hal_msp.c **** 
  26:Src/stm32f7xx_hal_msp.c **** /* USER CODE END Includes */
  27:Src/stm32f7xx_hal_msp.c **** 
  28:Src/stm32f7xx_hal_msp.c **** /* Private typedef -----------------------------------------------------------*/
  29:Src/stm32f7xx_hal_msp.c **** /* USER CODE BEGIN TD */
  30:Src/stm32f7xx_hal_msp.c **** 
  31:Src/stm32f7xx_hal_msp.c **** /* USER CODE END TD */
ARM GAS  /tmp/ccGRdarx.s 			page 2


  32:Src/stm32f7xx_hal_msp.c **** 
  33:Src/stm32f7xx_hal_msp.c **** /* Private define ------------------------------------------------------------*/
  34:Src/stm32f7xx_hal_msp.c **** /* USER CODE BEGIN Define */
  35:Src/stm32f7xx_hal_msp.c **** 
  36:Src/stm32f7xx_hal_msp.c **** /* USER CODE END Define */
  37:Src/stm32f7xx_hal_msp.c **** 
  38:Src/stm32f7xx_hal_msp.c **** /* Private macro -------------------------------------------------------------*/
  39:Src/stm32f7xx_hal_msp.c **** /* USER CODE BEGIN Macro */
  40:Src/stm32f7xx_hal_msp.c **** 
  41:Src/stm32f7xx_hal_msp.c **** /* USER CODE END Macro */
  42:Src/stm32f7xx_hal_msp.c **** 
  43:Src/stm32f7xx_hal_msp.c **** /* Private variables ---------------------------------------------------------*/
  44:Src/stm32f7xx_hal_msp.c **** /* USER CODE BEGIN PV */
  45:Src/stm32f7xx_hal_msp.c **** 
  46:Src/stm32f7xx_hal_msp.c **** /* USER CODE END PV */
  47:Src/stm32f7xx_hal_msp.c **** 
  48:Src/stm32f7xx_hal_msp.c **** /* Private function prototypes -----------------------------------------------*/
  49:Src/stm32f7xx_hal_msp.c **** /* USER CODE BEGIN PFP */
  50:Src/stm32f7xx_hal_msp.c **** 
  51:Src/stm32f7xx_hal_msp.c **** /* USER CODE END PFP */
  52:Src/stm32f7xx_hal_msp.c **** 
  53:Src/stm32f7xx_hal_msp.c **** /* External functions --------------------------------------------------------*/
  54:Src/stm32f7xx_hal_msp.c **** /* USER CODE BEGIN ExternalFunctions */
  55:Src/stm32f7xx_hal_msp.c **** 
  56:Src/stm32f7xx_hal_msp.c **** /* USER CODE END ExternalFunctions */
  57:Src/stm32f7xx_hal_msp.c **** 
  58:Src/stm32f7xx_hal_msp.c **** /* USER CODE BEGIN 0 */
  59:Src/stm32f7xx_hal_msp.c **** 
  60:Src/stm32f7xx_hal_msp.c **** /* USER CODE END 0 */
  61:Src/stm32f7xx_hal_msp.c **** /**
  62:Src/stm32f7xx_hal_msp.c ****   * Initializes the Global MSP.
  63:Src/stm32f7xx_hal_msp.c ****   */
  64:Src/stm32f7xx_hal_msp.c **** void HAL_MspInit(void)
  65:Src/stm32f7xx_hal_msp.c **** {
  28              		.loc 1 65 1 view -0
  29              		.cfi_startproc
  30              		@ args = 0, pretend = 0, frame = 8
  31              		@ frame_needed = 0, uses_anonymous_args = 0
  32              		@ link register save eliminated.
  33 0000 82B0     		sub	sp, sp, #8
  34              	.LCFI0:
  35              		.cfi_def_cfa_offset 8
  66:Src/stm32f7xx_hal_msp.c ****   /* USER CODE BEGIN MspInit 0 */
  67:Src/stm32f7xx_hal_msp.c **** 
  68:Src/stm32f7xx_hal_msp.c ****   /* USER CODE END MspInit 0 */
  69:Src/stm32f7xx_hal_msp.c **** 
  70:Src/stm32f7xx_hal_msp.c ****   __HAL_RCC_PWR_CLK_ENABLE();
  36              		.loc 1 70 3 view .LVU1
  37              	.LBB2:
  38              		.loc 1 70 3 view .LVU2
  39              		.loc 1 70 3 view .LVU3
  40 0002 0A4B     		ldr	r3, .L3
  41 0004 1A6C     		ldr	r2, [r3, #64]
  42 0006 42F08052 		orr	r2, r2, #268435456
  43 000a 1A64     		str	r2, [r3, #64]
  44              		.loc 1 70 3 view .LVU4
  45 000c 1A6C     		ldr	r2, [r3, #64]
ARM GAS  /tmp/ccGRdarx.s 			page 3


  46 000e 02F08052 		and	r2, r2, #268435456
  47 0012 0092     		str	r2, [sp]
  48              		.loc 1 70 3 view .LVU5
  49 0014 009A     		ldr	r2, [sp]
  50              	.LBE2:
  51              		.loc 1 70 3 view .LVU6
  71:Src/stm32f7xx_hal_msp.c ****   __HAL_RCC_SYSCFG_CLK_ENABLE();
  52              		.loc 1 71 3 view .LVU7
  53              	.LBB3:
  54              		.loc 1 71 3 view .LVU8
  55              		.loc 1 71 3 view .LVU9
  56 0016 5A6C     		ldr	r2, [r3, #68]
  57 0018 42F48042 		orr	r2, r2, #16384
  58 001c 5A64     		str	r2, [r3, #68]
  59              		.loc 1 71 3 view .LVU10
  60 001e 5B6C     		ldr	r3, [r3, #68]
  61 0020 03F48043 		and	r3, r3, #16384
  62 0024 0193     		str	r3, [sp, #4]
  63              		.loc 1 71 3 view .LVU11
  64 0026 019B     		ldr	r3, [sp, #4]
  65              	.LBE3:
  66              		.loc 1 71 3 view .LVU12
  72:Src/stm32f7xx_hal_msp.c **** 
  73:Src/stm32f7xx_hal_msp.c ****   /* System interrupt init*/
  74:Src/stm32f7xx_hal_msp.c **** 
  75:Src/stm32f7xx_hal_msp.c ****   /* USER CODE BEGIN MspInit 1 */
  76:Src/stm32f7xx_hal_msp.c **** 
  77:Src/stm32f7xx_hal_msp.c ****   /* USER CODE END MspInit 1 */
  78:Src/stm32f7xx_hal_msp.c **** }
  67              		.loc 1 78 1 is_stmt 0 view .LVU13
  68 0028 02B0     		add	sp, sp, #8
  69              	.LCFI1:
  70              		.cfi_def_cfa_offset 0
  71              		@ sp needed
  72 002a 7047     		bx	lr
  73              	.L4:
  74              		.align	2
  75              	.L3:
  76 002c 00380240 		.word	1073887232
  77              		.cfi_endproc
  78              	.LFE141:
  80              		.section	.text.HAL_UART_MspInit,"ax",%progbits
  81              		.align	1
  82              		.global	HAL_UART_MspInit
  83              		.syntax unified
  84              		.thumb
  85              		.thumb_func
  86              		.fpu fpv5-d16
  88              	HAL_UART_MspInit:
  89              	.LVL0:
  90              	.LFB142:
  79:Src/stm32f7xx_hal_msp.c **** 
  80:Src/stm32f7xx_hal_msp.c **** /**
  81:Src/stm32f7xx_hal_msp.c **** * @brief UART MSP Initialization
  82:Src/stm32f7xx_hal_msp.c **** * This function configures the hardware resources used in this example
  83:Src/stm32f7xx_hal_msp.c **** * @param huart: UART handle pointer
  84:Src/stm32f7xx_hal_msp.c **** * @retval None
ARM GAS  /tmp/ccGRdarx.s 			page 4


  85:Src/stm32f7xx_hal_msp.c **** */
  86:Src/stm32f7xx_hal_msp.c **** void HAL_UART_MspInit(UART_HandleTypeDef* huart)
  87:Src/stm32f7xx_hal_msp.c **** {
  91              		.loc 1 87 1 is_stmt 1 view -0
  92              		.cfi_startproc
  93              		@ args = 0, pretend = 0, frame = 32
  94              		@ frame_needed = 0, uses_anonymous_args = 0
  95              		.loc 1 87 1 is_stmt 0 view .LVU15
  96 0000 00B5     		push	{lr}
  97              	.LCFI2:
  98              		.cfi_def_cfa_offset 4
  99              		.cfi_offset 14, -4
 100 0002 89B0     		sub	sp, sp, #36
 101              	.LCFI3:
 102              		.cfi_def_cfa_offset 40
  88:Src/stm32f7xx_hal_msp.c ****   GPIO_InitTypeDef GPIO_InitStruct = {0};
 103              		.loc 1 88 3 is_stmt 1 view .LVU16
 104              		.loc 1 88 20 is_stmt 0 view .LVU17
 105 0004 0023     		movs	r3, #0
 106 0006 0393     		str	r3, [sp, #12]
 107 0008 0493     		str	r3, [sp, #16]
 108 000a 0593     		str	r3, [sp, #20]
 109 000c 0693     		str	r3, [sp, #24]
 110 000e 0793     		str	r3, [sp, #28]
  89:Src/stm32f7xx_hal_msp.c ****   if(huart->Instance==USART1)
 111              		.loc 1 89 3 is_stmt 1 view .LVU18
 112              		.loc 1 89 11 is_stmt 0 view .LVU19
 113 0010 0268     		ldr	r2, [r0]
 114              		.loc 1 89 5 view .LVU20
 115 0012 03F18043 		add	r3, r3, #1073741824
 116 0016 03F58833 		add	r3, r3, #69632
 117 001a 9A42     		cmp	r2, r3
 118 001c 02D0     		beq	.L8
 119              	.LVL1:
 120              	.L5:
  90:Src/stm32f7xx_hal_msp.c ****   {
  91:Src/stm32f7xx_hal_msp.c ****   /* USER CODE BEGIN USART1_MspInit 0 */
  92:Src/stm32f7xx_hal_msp.c **** 
  93:Src/stm32f7xx_hal_msp.c ****   /* USER CODE END USART1_MspInit 0 */
  94:Src/stm32f7xx_hal_msp.c ****     /* Peripheral clock enable */
  95:Src/stm32f7xx_hal_msp.c ****     __HAL_RCC_USART1_CLK_ENABLE();
  96:Src/stm32f7xx_hal_msp.c **** 
  97:Src/stm32f7xx_hal_msp.c ****     __HAL_RCC_GPIOA_CLK_ENABLE();
  98:Src/stm32f7xx_hal_msp.c ****     /**USART1 GPIO Configuration
  99:Src/stm32f7xx_hal_msp.c ****     PA10     ------> USART1_RX
 100:Src/stm32f7xx_hal_msp.c ****     PA9     ------> USART1_TX
 101:Src/stm32f7xx_hal_msp.c ****     */
 102:Src/stm32f7xx_hal_msp.c ****     GPIO_InitStruct.Pin = GPIO_PIN_10|GPIO_PIN_9;
 103:Src/stm32f7xx_hal_msp.c ****     GPIO_InitStruct.Mode = GPIO_MODE_AF_PP;
 104:Src/stm32f7xx_hal_msp.c ****     GPIO_InitStruct.Pull = GPIO_NOPULL;
 105:Src/stm32f7xx_hal_msp.c ****     GPIO_InitStruct.Speed = GPIO_SPEED_FREQ_VERY_HIGH;
 106:Src/stm32f7xx_hal_msp.c ****     GPIO_InitStruct.Alternate = GPIO_AF7_USART1;
 107:Src/stm32f7xx_hal_msp.c ****     HAL_GPIO_Init(GPIOA, &GPIO_InitStruct);
 108:Src/stm32f7xx_hal_msp.c **** 
 109:Src/stm32f7xx_hal_msp.c ****   /* USER CODE BEGIN USART1_MspInit 1 */
 110:Src/stm32f7xx_hal_msp.c **** 
 111:Src/stm32f7xx_hal_msp.c ****   /* USER CODE END USART1_MspInit 1 */
ARM GAS  /tmp/ccGRdarx.s 			page 5


 112:Src/stm32f7xx_hal_msp.c ****   }
 113:Src/stm32f7xx_hal_msp.c **** 
 114:Src/stm32f7xx_hal_msp.c **** }
 121              		.loc 1 114 1 view .LVU21
 122 001e 09B0     		add	sp, sp, #36
 123              	.LCFI4:
 124              		.cfi_remember_state
 125              		.cfi_def_cfa_offset 4
 126              		@ sp needed
 127 0020 5DF804FB 		ldr	pc, [sp], #4
 128              	.LVL2:
 129              	.L8:
 130              	.LCFI5:
 131              		.cfi_restore_state
  95:Src/stm32f7xx_hal_msp.c **** 
 132              		.loc 1 95 5 is_stmt 1 view .LVU22
 133              	.LBB4:
  95:Src/stm32f7xx_hal_msp.c **** 
 134              		.loc 1 95 5 view .LVU23
  95:Src/stm32f7xx_hal_msp.c **** 
 135              		.loc 1 95 5 view .LVU24
 136 0024 03F59433 		add	r3, r3, #75776
 137 0028 5A6C     		ldr	r2, [r3, #68]
 138 002a 42F01002 		orr	r2, r2, #16
 139 002e 5A64     		str	r2, [r3, #68]
  95:Src/stm32f7xx_hal_msp.c **** 
 140              		.loc 1 95 5 view .LVU25
 141 0030 5A6C     		ldr	r2, [r3, #68]
 142 0032 02F01002 		and	r2, r2, #16
 143 0036 0192     		str	r2, [sp, #4]
  95:Src/stm32f7xx_hal_msp.c **** 
 144              		.loc 1 95 5 view .LVU26
 145 0038 019A     		ldr	r2, [sp, #4]
 146              	.LBE4:
  95:Src/stm32f7xx_hal_msp.c **** 
 147              		.loc 1 95 5 view .LVU27
  97:Src/stm32f7xx_hal_msp.c ****     /**USART1 GPIO Configuration
 148              		.loc 1 97 5 view .LVU28
 149              	.LBB5:
  97:Src/stm32f7xx_hal_msp.c ****     /**USART1 GPIO Configuration
 150              		.loc 1 97 5 view .LVU29
  97:Src/stm32f7xx_hal_msp.c ****     /**USART1 GPIO Configuration
 151              		.loc 1 97 5 view .LVU30
 152 003a 1A6B     		ldr	r2, [r3, #48]
 153 003c 42F00102 		orr	r2, r2, #1
 154 0040 1A63     		str	r2, [r3, #48]
  97:Src/stm32f7xx_hal_msp.c ****     /**USART1 GPIO Configuration
 155              		.loc 1 97 5 view .LVU31
 156 0042 1B6B     		ldr	r3, [r3, #48]
 157 0044 03F00103 		and	r3, r3, #1
 158 0048 0293     		str	r3, [sp, #8]
  97:Src/stm32f7xx_hal_msp.c ****     /**USART1 GPIO Configuration
 159              		.loc 1 97 5 view .LVU32
 160 004a 029B     		ldr	r3, [sp, #8]
 161              	.LBE5:
  97:Src/stm32f7xx_hal_msp.c ****     /**USART1 GPIO Configuration
 162              		.loc 1 97 5 view .LVU33
ARM GAS  /tmp/ccGRdarx.s 			page 6


 102:Src/stm32f7xx_hal_msp.c ****     GPIO_InitStruct.Mode = GPIO_MODE_AF_PP;
 163              		.loc 1 102 5 view .LVU34
 102:Src/stm32f7xx_hal_msp.c ****     GPIO_InitStruct.Mode = GPIO_MODE_AF_PP;
 164              		.loc 1 102 25 is_stmt 0 view .LVU35
 165 004c 4FF4C063 		mov	r3, #1536
 166 0050 0393     		str	r3, [sp, #12]
 103:Src/stm32f7xx_hal_msp.c ****     GPIO_InitStruct.Pull = GPIO_NOPULL;
 167              		.loc 1 103 5 is_stmt 1 view .LVU36
 103:Src/stm32f7xx_hal_msp.c ****     GPIO_InitStruct.Pull = GPIO_NOPULL;
 168              		.loc 1 103 26 is_stmt 0 view .LVU37
 169 0052 0223     		movs	r3, #2
 170 0054 0493     		str	r3, [sp, #16]
 104:Src/stm32f7xx_hal_msp.c ****     GPIO_InitStruct.Speed = GPIO_SPEED_FREQ_VERY_HIGH;
 171              		.loc 1 104 5 is_stmt 1 view .LVU38
 104:Src/stm32f7xx_hal_msp.c ****     GPIO_InitStruct.Speed = GPIO_SPEED_FREQ_VERY_HIGH;
 172              		.loc 1 104 26 is_stmt 0 view .LVU39
 173 0056 0023     		movs	r3, #0
 174 0058 0593     		str	r3, [sp, #20]
 105:Src/stm32f7xx_hal_msp.c ****     GPIO_InitStruct.Alternate = GPIO_AF7_USART1;
 175              		.loc 1 105 5 is_stmt 1 view .LVU40
 105:Src/stm32f7xx_hal_msp.c ****     GPIO_InitStruct.Alternate = GPIO_AF7_USART1;
 176              		.loc 1 105 27 is_stmt 0 view .LVU41
 177 005a 0323     		movs	r3, #3
 178 005c 0693     		str	r3, [sp, #24]
 106:Src/stm32f7xx_hal_msp.c ****     HAL_GPIO_Init(GPIOA, &GPIO_InitStruct);
 179              		.loc 1 106 5 is_stmt 1 view .LVU42
 106:Src/stm32f7xx_hal_msp.c ****     HAL_GPIO_Init(GPIOA, &GPIO_InitStruct);
 180              		.loc 1 106 31 is_stmt 0 view .LVU43
 181 005e 0723     		movs	r3, #7
 182 0060 0793     		str	r3, [sp, #28]
 107:Src/stm32f7xx_hal_msp.c **** 
 183              		.loc 1 107 5 is_stmt 1 view .LVU44
 184 0062 03A9     		add	r1, sp, #12
 185 0064 0148     		ldr	r0, .L9
 186              	.LVL3:
 107:Src/stm32f7xx_hal_msp.c **** 
 187              		.loc 1 107 5 is_stmt 0 view .LVU45
 188 0066 FFF7FEFF 		bl	HAL_GPIO_Init
 189              	.LVL4:
 190              		.loc 1 114 1 view .LVU46
 191 006a D8E7     		b	.L5
 192              	.L10:
 193              		.align	2
 194              	.L9:
 195 006c 00000240 		.word	1073872896
 196              		.cfi_endproc
 197              	.LFE142:
 199              		.section	.text.HAL_UART_MspDeInit,"ax",%progbits
 200              		.align	1
 201              		.global	HAL_UART_MspDeInit
 202              		.syntax unified
 203              		.thumb
 204              		.thumb_func
 205              		.fpu fpv5-d16
 207              	HAL_UART_MspDeInit:
 208              	.LVL5:
 209              	.LFB143:
ARM GAS  /tmp/ccGRdarx.s 			page 7


 115:Src/stm32f7xx_hal_msp.c **** 
 116:Src/stm32f7xx_hal_msp.c **** /**
 117:Src/stm32f7xx_hal_msp.c **** * @brief UART MSP De-Initialization
 118:Src/stm32f7xx_hal_msp.c **** * This function freeze the hardware resources used in this example
 119:Src/stm32f7xx_hal_msp.c **** * @param huart: UART handle pointer
 120:Src/stm32f7xx_hal_msp.c **** * @retval None
 121:Src/stm32f7xx_hal_msp.c **** */
 122:Src/stm32f7xx_hal_msp.c **** void HAL_UART_MspDeInit(UART_HandleTypeDef* huart)
 123:Src/stm32f7xx_hal_msp.c **** {
 210              		.loc 1 123 1 is_stmt 1 view -0
 211              		.cfi_startproc
 212              		@ args = 0, pretend = 0, frame = 0
 213              		@ frame_needed = 0, uses_anonymous_args = 0
 214              		.loc 1 123 1 is_stmt 0 view .LVU48
 215 0000 08B5     		push	{r3, lr}
 216              	.LCFI6:
 217              		.cfi_def_cfa_offset 8
 218              		.cfi_offset 3, -8
 219              		.cfi_offset 14, -4
 124:Src/stm32f7xx_hal_msp.c ****   if(huart->Instance==USART1)
 220              		.loc 1 124 3 is_stmt 1 view .LVU49
 221              		.loc 1 124 11 is_stmt 0 view .LVU50
 222 0002 0268     		ldr	r2, [r0]
 223              		.loc 1 124 5 view .LVU51
 224 0004 074B     		ldr	r3, .L15
 225 0006 9A42     		cmp	r2, r3
 226 0008 00D0     		beq	.L14
 227              	.LVL6:
 228              	.L11:
 125:Src/stm32f7xx_hal_msp.c ****   {
 126:Src/stm32f7xx_hal_msp.c ****   /* USER CODE BEGIN USART1_MspDeInit 0 */
 127:Src/stm32f7xx_hal_msp.c **** 
 128:Src/stm32f7xx_hal_msp.c ****   /* USER CODE END USART1_MspDeInit 0 */
 129:Src/stm32f7xx_hal_msp.c ****     /* Peripheral clock disable */
 130:Src/stm32f7xx_hal_msp.c ****     __HAL_RCC_USART1_CLK_DISABLE();
 131:Src/stm32f7xx_hal_msp.c **** 
 132:Src/stm32f7xx_hal_msp.c ****     /**USART1 GPIO Configuration
 133:Src/stm32f7xx_hal_msp.c ****     PA10     ------> USART1_RX
 134:Src/stm32f7xx_hal_msp.c ****     PA9     ------> USART1_TX
 135:Src/stm32f7xx_hal_msp.c ****     */
 136:Src/stm32f7xx_hal_msp.c ****     HAL_GPIO_DeInit(GPIOA, GPIO_PIN_10|GPIO_PIN_9);
 137:Src/stm32f7xx_hal_msp.c **** 
 138:Src/stm32f7xx_hal_msp.c ****   /* USER CODE BEGIN USART1_MspDeInit 1 */
 139:Src/stm32f7xx_hal_msp.c **** 
 140:Src/stm32f7xx_hal_msp.c ****   /* USER CODE END USART1_MspDeInit 1 */
 141:Src/stm32f7xx_hal_msp.c ****   }
 142:Src/stm32f7xx_hal_msp.c **** 
 143:Src/stm32f7xx_hal_msp.c **** }
 229              		.loc 1 143 1 view .LVU52
 230 000a 08BD     		pop	{r3, pc}
 231              	.LVL7:
 232              	.L14:
 130:Src/stm32f7xx_hal_msp.c **** 
 233              		.loc 1 130 5 is_stmt 1 view .LVU53
 234 000c 064A     		ldr	r2, .L15+4
 235 000e 536C     		ldr	r3, [r2, #68]
 236 0010 23F01003 		bic	r3, r3, #16
ARM GAS  /tmp/ccGRdarx.s 			page 8


 237 0014 5364     		str	r3, [r2, #68]
 136:Src/stm32f7xx_hal_msp.c **** 
 238              		.loc 1 136 5 view .LVU54
 239 0016 4FF4C061 		mov	r1, #1536
 240 001a 0448     		ldr	r0, .L15+8
 241              	.LVL8:
 136:Src/stm32f7xx_hal_msp.c **** 
 242              		.loc 1 136 5 is_stmt 0 view .LVU55
 243 001c FFF7FEFF 		bl	HAL_GPIO_DeInit
 244              	.LVL9:
 245              		.loc 1 143 1 view .LVU56
 246 0020 F3E7     		b	.L11
 247              	.L16:
 248 0022 00BF     		.align	2
 249              	.L15:
 250 0024 00100140 		.word	1073811456
 251 0028 00380240 		.word	1073887232
 252 002c 00000240 		.word	1073872896
 253              		.cfi_endproc
 254              	.LFE143:
 256              		.text
 257              	.Letext0:
 258              		.file 2 "/usr/lib/gcc/arm-none-eabi/9.2.1/include/stdint.h"
 259              		.file 3 "Drivers/CMSIS/Include/core_cm7.h"
 260              		.file 4 "Drivers/CMSIS/Device/ST/STM32F7xx/Include/system_stm32f7xx.h"
 261              		.file 5 "Drivers/CMSIS/Device/ST/STM32F7xx/Include/stm32f769xx.h"
 262              		.file 6 "Drivers/STM32F7xx_HAL_Driver/Inc/stm32f7xx_hal_def.h"
 263              		.file 7 "Drivers/STM32F7xx_HAL_Driver/Inc/stm32f7xx_hal_gpio.h"
 264              		.file 8 "Drivers/STM32F7xx_HAL_Driver/Inc/stm32f7xx_hal_dma.h"
 265              		.file 9 "Drivers/STM32F7xx_HAL_Driver/Inc/stm32f7xx_hal_uart.h"
 266              		.file 10 "Drivers/STM32F7xx_HAL_Driver/Inc/stm32f7xx_hal.h"
ARM GAS  /tmp/ccGRdarx.s 			page 9


DEFINED SYMBOLS
                            *ABS*:0000000000000000 stm32f7xx_hal_msp.c
     /tmp/ccGRdarx.s:17     .text.HAL_MspInit:0000000000000000 $t
     /tmp/ccGRdarx.s:25     .text.HAL_MspInit:0000000000000000 HAL_MspInit
     /tmp/ccGRdarx.s:76     .text.HAL_MspInit:000000000000002c $d
     /tmp/ccGRdarx.s:81     .text.HAL_UART_MspInit:0000000000000000 $t
     /tmp/ccGRdarx.s:88     .text.HAL_UART_MspInit:0000000000000000 HAL_UART_MspInit
     /tmp/ccGRdarx.s:195    .text.HAL_UART_MspInit:000000000000006c $d
     /tmp/ccGRdarx.s:200    .text.HAL_UART_MspDeInit:0000000000000000 $t
     /tmp/ccGRdarx.s:207    .text.HAL_UART_MspDeInit:0000000000000000 HAL_UART_MspDeInit
     /tmp/ccGRdarx.s:250    .text.HAL_UART_MspDeInit:0000000000000024 $d

UNDEFINED SYMBOLS
HAL_GPIO_Init
HAL_GPIO_DeInit
